<?xml version="1.0" encoding="UTF-8"?>
<!-- Generated by org.testng.reporters.JUnitReportReporter -->
<testsuite hostname="AnujKumar-PC" failures="0" tests="1" name="auto.testcases.TestContextMenuPage" time="28.236" errors="0" timestamp="21 May 2018 13:44:20 GMT" skipped="0">
  <testcase classname="auto.testcases.TestContextMenuPage" name="testChallengingPage" time="28.236"/>
</testsuite> <!-- auto.testcases.TestContextMenuPage -->
