<?xml version="1.0" encoding="UTF-8"?>
<!-- Generated by org.testng.reporters.JUnitReportReporter -->
<testsuite hostname="AnujKumar-PC" failures="0" tests="1" name="auto.testcases.TestChallengingDomPage" time="51.630" errors="0" timestamp="16 May 2018 13:56:19 GMT" skipped="0">
  <testcase classname="auto.testcases.TestChallengingDomPage" name="testChallengingPage" time="51.630"/>
</testsuite> <!-- auto.testcases.TestChallengingDomPage -->
