<?xml version="1.0" encoding="UTF-8"?>
<!-- Generated by org.testng.reporters.JUnitReportReporter -->
<testsuite hostname="AnujKumar-PC" failures="0" tests="1" name="auto.testcases.TestDropdownPage" time="19.577" errors="0" timestamp="15 May 2018 13:52:06 GMT" skipped="0">
  <testcase classname="auto.testcases.TestDropdownPage" name="testDropdownPage" time="19.577"/>
</testsuite> <!-- auto.testcases.TestDropdownPage -->
