<?xml version="1.0" encoding="UTF-8"?>
<!-- Generated by org.testng.reporters.JUnitReportReporter -->
<testsuite hostname="AnujKumar-PC" failures="0" tests="1" name="auto.testcases.TestDynamicControls" time="25.311" errors="0" timestamp="21 May 2018 14:43:03 GMT" skipped="0">
  <testcase classname="auto.testcases.TestDynamicControls" name="testDynamicControlsAdd" time="25.311"/>
</testsuite> <!-- auto.testcases.TestDynamicControls -->
