<?xml version="1.0" encoding="UTF-8"?>
<!-- Generated by org.testng.reporters.JUnitReportReporter -->
<testsuite hostname="AnujKumar-PC" failures="0" tests="1" name="auto.testcases.TestDynamicLoadings" time="25.522" errors="0" timestamp="21 May 2018 15:04:24 GMT" skipped="0">
  <testcase classname="auto.testcases.TestDynamicLoadings" name="testDynamicLoadingsRender" time="25.522"/>
</testsuite> <!-- auto.testcases.TestDynamicLoadings -->
